2025-09-15 07:55:47+00:00 [Note] [Entrypoint]: Entrypoint script for MariaDB Server 1:12.0.2+maria~ubu2404 started.
2025-09-15 07:55:48+00:00 [Warn] [Entrypoint]: /sys/fs/cgroup/evices:/docker/d6bd5d725d126670184219be0b6632482cf619db24f79df8eaa9b3f59baf9174
8:freezer:/docker/d6bd5d725d126670184219be0b6632482cf619db24f79df8eaa9b3f59baf9174
7:cpu:/docker/d6bd5d725d126670184219be0b6632482cf619db24f79df8eaa9b3f59baf9174
6:blkio:/docker/d6bd5d725d126670184219be0b6632482cf619db24f79df8eaa9b3f59baf9174
5:cpuset:/docker/d6bd5d725d126670184219be0b6632482cf619db24f79df8eaa9b3f59baf9174
4:memory:/docker/d6bd5d725d126670184219be0b6632482cf619db24f79df8eaa9b3f59baf9174
3:cpuacct:/docker/d6bd5d725d126670184219be0b6632482cf619db24f79df8eaa9b3f59baf9174
2:name=synomonitor:/system.slice/pkg-ContainerManager-dockerd.service
1:name=systemd:/docker/d6bd5d725d126670184219be0b6632482cf619db24f79df8eaa9b3f59baf9174/memory.pressure not writable, functionality unavailable to MariaDB
2025-09-15 07:55:48+00:00 [Note] [Entrypoint]: Switching to dedicated user 'mysql'
2025-09-15 07:55:48+00:00 [Note] [Entrypoint]: Entrypoint script for MariaDB Server 1:12.0.2+maria~ubu2404 started.
2025-09-15 07:55:48+00:00 [Note] [Entrypoint]: Initializing database files
2025-09-15  7:55:48 0 [Warning] mariadbd: io_uring_queue_init() failed with ENOSYS: check seccomp filters, and the kernel version (newer than 5.1 required)
create_uring failed: falling back to libaio
2025-09-15 07:56:55+00:00 [Note] [Entrypoint]: Database files initialized
2025-09-15 07:56:55+00:00 [Note] [Entrypoint]: Starting temporary server
2025-09-15 07:56:55+00:00 [Note] [Entrypoint]: Waiting for server startup
2025-09-15  7:56:55 0 [Note] Starting MariaDB 12.0.2-MariaDB-ubu2404 source revision aab83aecdca15738d114cf5a2f223f1d12e4e6bd server_uid dZFy/qhQ/GdqZAWQF6tgv+oAEME= as process 132
2025-09-15  7:56:55 0 [Note] InnoDB: Compressed tables use zlib 1.3
2025-09-15  7:56:55 0 [Note] InnoDB: Number of transaction pools: 1
2025-09-15  7:56:55 0 [Note] InnoDB: Using crc32 + pclmulqdq instructions
2025-09-15  7:56:55 0 [Warning] mariadbd: io_uring_queue_init() failed with ENOSYS: check seccomp filters, and the kernel version (newer than 5.1 required)
create_uring failed: falling back to libaio
2025-09-15  7:56:55 0 [Note] InnoDB: Using Linux native AIO
2025-09-15  7:56:55 0 [Note] InnoDB: innodb_buffer_pool_size_max=128m, innodb_buffer_pool_size=128m
2025-09-15  7:56:55 0 [Note] InnoDB: Completed initialization of buffer pool
2025-09-15  7:56:55 0 [Note] InnoDB: Buffered log writes (block size=512 bytes)
2025-09-15  7:56:55 0 [Note] InnoDB: End of log at LSN=47629
2025-09-15  7:56:55 0 [Note] InnoDB: Opened 3 undo tablespaces
2025-09-15  7:56:55 0 [Note] InnoDB: 128 rollback segments in 3 undo tablespaces are active.
2025-09-15  7:56:55 0 [Note] InnoDB: Setting file './ibtmp1' size to 12.000MiB. Physically writing the file full; Please wait ...
2025-09-15  7:56:55 0 [Note] InnoDB: File './ibtmp1' size is now 12.000MiB.
2025-09-15  7:56:55 0 [Note] InnoDB: log sequence number 47629; transaction id 14
2025-09-15  7:56:55 0 [Note] Plugin 'FEEDBACK' is disabled.
2025-09-15  7:56:55 0 [Note] Plugin 'wsrep-provider' is disabled.
2025-09-15  7:56:58 0 [Note] mariadbd: Event Scheduler: Loaded 0 events
2025-09-15  7:56:59 0 [Note] Replication not automatically started: --skip-slave-start was specified
2025-09-15  7:56:59 0 [Note] mariadbd: ready for connections.
Version: '12.0.2-MariaDB-ubu2404'  socket: '/run/mysqld/mysqld.sock'  port: 0  mariadb.org binary distribution
2025-09-15 07:56:59+00:00 [Note] [Entrypoint]: Temporary server started.
2025-09-15 07:57:15+00:00 [Note] [Entrypoint]: Creating database oms
2025-09-15 07:57:15+00:00 [Note] [Entrypoint]: Creating user haedam
2025-09-15 07:57:15+00:00 [Note] [Entrypoint]: Giving user haedam access to schema oms
2025-09-15 07:57:15+00:00 [Note] [Entrypoint]: Securing system users (equivalent to running mysql_secure_installation)

2025-09-15 07:57:17+00:00 [Note] [Entrypoint]: Stopping temporary server
2025-09-15  7:57:17 0 [Note] mariadbd (initiated by: unknown): Normal shutdown
2025-09-15  7:57:17 0 [Note] InnoDB: FTS optimize thread exiting.
2025-09-15  7:57:18 0 [Note] InnoDB: Starting shutdown...
2025-09-15  7:57:18 0 [Note] InnoDB: Dumping buffer pool(s) to /var/lib/mysql/ib_buffer_pool
2025-09-15  7:57:18 0 [Note] InnoDB: Buffer pool(s) dump completed at 250915  7:57:18
2025-09-15  7:57:18 0 [Note] InnoDB: Removed temporary tablespace data file: "./ibtmp1"
2025-09-15  7:57:18 0 [Note] InnoDB: Shutdown completed; log sequence number 47629; transaction id 15
2025-09-15  7:57:18 0 [Note] mariadbd: Shutdown complete
2025-09-15 07:57:18+00:00 [Note] [Entrypoint]: Temporary server stopped

2025-09-15 07:57:18+00:00 [Note] [Entrypoint]: MariaDB init process done. Ready for start up.

2025-09-15  7:57:18 0 [Note] Starting MariaDB 12.0.2-MariaDB-ubu2404 source revision aab83aecdca15738d114cf5a2f223f1d12e4e6bd server_uid dZFy/qhQ/GdqZAWQF6tgv+oAEME= as process 1
2025-09-15  7:57:18 0 [Note] InnoDB: Compressed tables use zlib 1.3
2025-09-15  7:57:18 0 [Note] InnoDB: Number of transaction pools: 1
2025-09-15  7:57:18 0 [Note] InnoDB: Using crc32 + pclmulqdq instructions
2025-09-15  7:57:18 0 [Warning] mariadbd: io_uring_queue_init() failed with ENOSYS: check seccomp filters, and the kernel version (newer than 5.1 required)
create_uring failed: falling back to libaio
2025-09-15  7:57:18 0 [Note] InnoDB: Using Linux native AIO
2025-09-15  7:57:18 0 [Note] InnoDB: innodb_buffer_pool_size_max=128m, innodb_buffer_pool_size=128m
2025-09-15  7:57:18 0 [Note] InnoDB: Completed initialization of buffer pool
2025-09-15  7:57:18 0 [Note] InnoDB: Buffered log writes (block size=512 bytes)
2025-09-15  7:57:19 0 [Note] InnoDB: End of log at LSN=47629
2025-09-15  7:57:19 0 [Note] InnoDB: Opened 3 undo tablespaces
2025-09-15  7:57:19 0 [Note] InnoDB: 128 rollback segments in 3 undo tablespaces are active.
2025-09-15  7:57:19 0 [Note] InnoDB: Setting file './ibtmp1' size to 12.000MiB. Physically writing the file full; Please wait ...
2025-09-15  7:57:19 0 [Note] InnoDB: File './ibtmp1' size is now 12.000MiB.
2025-09-15  7:57:19 0 [Note] InnoDB: log sequence number 47629; transaction id 14
2025-09-15  7:57:19 0 [Note] Plugin 'FEEDBACK' is disabled.
2025-09-15  7:57:19 0 [Note] Plugin 'wsrep-provider' is disabled.
2025-09-15  7:57:19 0 [Note] InnoDB: Loading buffer pool(s) from /var/lib/mysql/ib_buffer_pool
2025-09-15  7:57:19 0 [Note] InnoDB: Buffer pool(s) load completed at 250915  7:57:19
2025-09-15  7:57:23 0 [Note] Server socket created on IP: '0.0.0.0', port: '3306'.
2025-09-15  7:57:23 0 [Note] Server socket created on IP: '::', port: '3306'.
2025-09-15  7:57:23 0 [Note] mariadbd: Event Scheduler: Loaded 0 events
2025-09-15  7:57:23 0 [Note] mariadbd: ready for connections.
Version: '12.0.2-MariaDB-ubu2404'  socket: '/run/mysqld/mysqld.sock'  port: 3306  mariadb.org binary distribution
2025-09-15  7:57:31 3 [Warning] Access denied for user 'root'@'localhost' (using password: NO)
2025-09-15  7:57:41 4 [Warning] Access denied for user 'root'@'localhost' (using password: NO)
2025-09-15  7:57:52 5 [Warning] Access denied for user 'root'@'localhost' (using password: NO)
2025-09-15  7:58:02 6 [Warning] Access denied for user 'root'@'localhost' (using password: NO)
2025-09-15  7:58:12 7 [Warning] Access denied for user 'root'@'localhost' (using password: NO)
2025-09-15  7:58:23 8 [Warning] Access denied for user 'root'@'localhost' (using password: NO)
2025-09-15  7:58:24 0 [Note] mariadbd (initiated by: unknown): Normal shutdown
2025-09-15  7:58:24 0 [Note] InnoDB: FTS optimize thread exiting.
2025-09-15  7:58:24 0 [Note] InnoDB: Starting shutdown...
2025-09-15  7:58:24 0 [Note] InnoDB: Dumping buffer pool(s) to /var/lib/mysql/ib_buffer_pool
2025-09-15  7:58:24 0 [Note] InnoDB: Buffer pool(s) dump completed at 250915  7:58:24
2025-09-15  7:58:25 0 [Note] InnoDB: Removed temporary tablespace data file: "./ibtmp1"
2025-09-15  7:58:25 0 [Note] InnoDB: Shutdown completed; log sequence number 47629; transaction id 15
2025-09-15  7:58:25 0 [Note] mariadbd: Shutdown complete
